+ GPUS=8
+ RUN_COMMAND=./configs/r50_deformable_detr_plus_iterative_bbox_refinement_plus_plus_two_stage.sh
+ '[' 8 -lt 8 ']'
+ GPUS_PER_NODE=8
+ MASTER_ADDR=127.0.0.1
+ MASTER_PORT=29500
+ NODE_RANK=0
+ let NNODES=GPUS/GPUS_PER_NODE
+ python ./tools/launch.py --nnodes 1 --node_rank 0 --master_addr 127.0.0.1 --master_port 29500 --nproc_per_node 8 ./configs/r50_deformable_detr_plus_iterative_bbox_refinement_plus_plus_two_stage.sh
+ EXP_DIR=exps/voc2007_lat10_finetune2
+ PY_ARGS=
+ python -u main.py --output_dir exps/voc2007_lat10_finetune2 --with_box_refine --two_stage
+ EXP_DIR=exps/voc2007_lat10_finetune2
+ PY_ARGS=
+ python -u main.py --output_dir exps/voc2007_lat10_finetune2 --with_box_refine --two_stage
+ EXP_DIR=exps/voc2007_lat10_finetune2
+ PY_ARGS=
+ python -u main.py --output_dir exps/voc2007_lat10_finetune2 --with_box_refine --two_stage
+ EXP_DIR=exps/voc2007_lat10_finetune2
+ PY_ARGS=
+ python -u main.py --output_dir exps/voc2007_lat10_finetune2 --with_box_refine --two_stage
+ EXP_DIR=exps/voc2007_lat10_finetune2
+ PY_ARGS=
+ python -u main.py --output_dir exps/voc2007_lat10_finetune2 --with_box_refine --two_stage
+ EXP_DIR=exps/voc2007_lat10_finetune2
+ PY_ARGS=
+ python -u main.py --output_dir exps/voc2007_lat10_finetune2 --with_box_refine --two_stage
+ EXP_DIR=exps/voc2007_lat10_finetune2
+ PY_ARGS=
+ python -u main.py --output_dir exps/voc2007_lat10_finetune2 --with_box_refine --two_stage
+ EXP_DIR=exps/voc2007_lat10_finetune2
+ PY_ARGS=
+ python -u main.py --output_dir exps/voc2007_lat10_finetune2 --with_box_refine --two_stage
NOTE! Installing ujson may make loading annotations faster.
NOTE! Installing ujson may make loading annotations faster.NOTE! Installing ujson may make loading annotations faster.

NOTE! Installing ujson may make loading annotations faster.
NOTE! Installing ujson may make loading annotations faster.
NOTE! Installing ujson may make loading annotations faster.
NOTE! Installing ujson may make loading annotations faster.
NOTE! Installing ujson may make loading annotations faster.
Traceback (most recent call last):
Traceback (most recent call last):
Traceback (most recent call last):
Traceback (most recent call last):
  File "main.py", line 25, in <module>
  File "main.py", line 25, in <module>
  File "main.py", line 25, in <module>
  File "main.py", line 25, in <module>
Traceback (most recent call last):
Traceback (most recent call last):
  File "main.py", line 25, in <module>
  File "main.py", line 25, in <module>
Traceback (most recent call last):
  File "main.py", line 25, in <module>
Traceback (most recent call last):
                from engine import evaluate, train_one_epoch  File "/opt/conda/lib/python3.8/site-packages/matplotlib/_api/deprecation.py", line 244, in __set_name__
from engine import evaluate, train_one_epochfrom engine import evaluate, train_one_epochfrom engine import evaluate, train_one_epoch
    


  File "/home/liuguandu/lldetr/lifelongdetr/Deformable-DETR/engine.py", line 23, in <module>
from engine import evaluate, train_one_epoch      File "/home/liuguandu/lldetr/lifelongdetr/Deformable-DETR/engine.py", line 23, in <module>
  File "/home/liuguandu/lldetr/lifelongdetr/Deformable-DETR/engine.py", line 23, in <module>
  File "/home/liuguandu/lldetr/lifelongdetr/Deformable-DETR/engine.py", line 23, in <module>

    from engine import evaluate, train_one_epoch  File "/home/liuguandu/lldetr/lifelongdetr/Deformable-DETR/engine.py", line 23, in <module>
from engine import evaluate, train_one_epoch

  File "/home/liuguandu/lldetr/lifelongdetr/Deformable-DETR/engine.py", line 23, in <module>
  File "/home/liuguandu/lldetr/lifelongdetr/Deformable-DETR/engine.py", line 23, in <module>
    from datasets.coco_eval import CocoEvaluator
      File "/home/liuguandu/lldetr/lifelongdetr/Deformable-DETR/datasets/coco_eval.py", line 24, in <module>
    from datasets.coco_eval import CocoEvaluator    from datasets.coco_eval import CocoEvaluator
from datasets.coco_eval import CocoEvaluator
      File "/home/liuguandu/lldetr/lifelongdetr/Deformable-DETR/datasets/coco_eval.py", line 24, in <module>

  File "/home/liuguandu/lldetr/lifelongdetr/Deformable-DETR/datasets/coco_eval.py", line 24, in <module>
from datasets.coco_eval import CocoEvaluator      File "/home/liuguandu/lldetr/lifelongdetr/Deformable-DETR/datasets/coco_eval.py", line 24, in <module>

from datasets.coco_eval import CocoEvaluator  File "/home/liuguandu/lldetr/lifelongdetr/Deformable-DETR/datasets/coco_eval.py", line 24, in <module>

      File "/home/liuguandu/lldetr/lifelongdetr/Deformable-DETR/datasets/coco_eval.py", line 24, in <module>
from datasets.coco_eval import CocoEvaluator
  File "/home/liuguandu/lldetr/lifelongdetr/Deformable-DETR/datasets/coco_eval.py", line 24, in <module>
    def __set_name__(self, owner, name):
KeyboardInterrupt

The above exception was the direct cause of the following exception:

Traceback (most recent call last):
  File "main.py", line 25, in <module>
    from engine import evaluate, train_one_epoch
  File "/home/liuguandu/lldetr/lifelongdetr/Deformable-DETR/engine.py", line 23, in <module>
    from datasets.coco_eval import CocoEvaluator
  File "/home/liuguandu/lldetr/lifelongdetr/Deformable-DETR/datasets/coco_eval.py", line 24, in <module>
    from pycocotools.coco import COCO
          File "/opt/conda/lib/python3.8/site-packages/pycocotools/coco.py", line 53, in <module>
from pycocotools.coco import COCOfrom pycocotools.coco import COCO

      File "/opt/conda/lib/python3.8/site-packages/pycocotools/coco.py", line 53, in <module>
  File "/opt/conda/lib/python3.8/site-packages/pycocotools/coco.py", line 53, in <module>
from pycocotools.coco import COCO    
from pycocotools.coco import COCO  File "/opt/conda/lib/python3.8/site-packages/pycocotools/coco.py", line 53, in <module>

          File "/opt/conda/lib/python3.8/site-packages/pycocotools/coco.py", line 53, in <module>
    from pycocotools.coco import COCOfrom pycocotools.coco import COCOfrom pycocotools.coco import COCO

  File "/opt/conda/lib/python3.8/site-packages/pycocotools/coco.py", line 53, in <module>

  File "/opt/conda/lib/python3.8/site-packages/pycocotools/coco.py", line 53, in <module>
  File "/opt/conda/lib/python3.8/site-packages/pycocotools/coco.py", line 53, in <module>
        import matplotlib.pyplot as pltimport matplotlib.pyplot as plt
        
      File "/opt/conda/lib/python3.8/site-packages/matplotlib/pyplot.py", line 49, in <module>
    import matplotlib.pyplot as plt        import matplotlib.pyplot as plt  File "/opt/conda/lib/python3.8/site-packages/matplotlib/pyplot.py", line 49, in <module>
import matplotlib.pyplot as pltimport matplotlib.pyplot as plt
import matplotlib.pyplot as pltimport matplotlib.pyplot as plt


  File "/opt/conda/lib/python3.8/site-packages/matplotlib/pyplot.py", line 49, in <module>


  File "/opt/conda/lib/python3.8/site-packages/matplotlib/pyplot.py", line 49, in <module>
  File "/opt/conda/lib/python3.8/site-packages/matplotlib/pyplot.py", line 49, in <module>
  File "/opt/conda/lib/python3.8/site-packages/matplotlib/pyplot.py", line 49, in <module>
  File "/opt/conda/lib/python3.8/site-packages/matplotlib/pyplot.py", line 49, in <module>
  File "/opt/conda/lib/python3.8/site-packages/matplotlib/pyplot.py", line 49, in <module>
    import matplotlib.colorbar
  File "/opt/conda/lib/python3.8/site-packages/matplotlib/colorbar.py", line 26, in <module>
        import matplotlib.colorbar    import matplotlib.colorbar
    import matplotlib.colorbar
          File "/opt/conda/lib/python3.8/site-packages/matplotlib/colorbar.py", line 21, in <module>
    import matplotlib.colorbar

  File "/opt/conda/lib/python3.8/site-packages/matplotlib/colorbar.py", line 21, in <module>
import matplotlib.colorbarimport matplotlib.colorbarimport matplotlib.colorbar  File "/opt/conda/lib/python3.8/site-packages/matplotlib/colorbar.py", line 21, in <module>
  File "/opt/conda/lib/python3.8/site-packages/matplotlib/colorbar.py", line 21, in <module>



  File "/opt/conda/lib/python3.8/site-packages/matplotlib/colorbar.py", line 21, in <module>
  File "/opt/conda/lib/python3.8/site-packages/matplotlib/colorbar.py", line 21, in <module>
  File "/opt/conda/lib/python3.8/site-packages/matplotlib/colorbar.py", line 21, in <module>
        from matplotlib import _api, collections, cm, colors, contour, tickerimport matplotlib.spines as mspines
    
  File "/opt/conda/lib/python3.8/site-packages/matplotlib/contour.py", line 13, in <module>
from matplotlib import _api, collections, cm, colors, contour, ticker      File "/opt/conda/lib/python3.8/site-packages/matplotlib/spines.py", line 14, in <module>

    from matplotlib import _api, collections, cm, colors, contour, ticker  File "/opt/conda/lib/python3.8/site-packages/matplotlib/contour.py", line 20, in <module>
    from matplotlib import _api, collections, cm, colors, contour, ticker
from matplotlib import _api, collections, cm, colors, contour, ticker
  File "/opt/conda/lib/python3.8/site-packages/matplotlib/contour.py", line 20, in <module>
        
  File "/opt/conda/lib/python3.8/site-packages/matplotlib/contour.py", line 20, in <module>
from matplotlib import _api, collections, cm, colors, contour, tickerfrom matplotlib import _api, collections, cm, colors, contour, ticker  File "/opt/conda/lib/python3.8/site-packages/matplotlib/contour.py", line 13, in <module>


  File "/opt/conda/lib/python3.8/site-packages/matplotlib/contour.py", line 20, in <module>
  File "/opt/conda/lib/python3.8/site-packages/matplotlib/contour.py", line 13, in <module>
    class Spine(mpatches.Patch):
  File "/opt/conda/lib/python3.8/site-packages/matplotlib/artist.py", line 119, in __init_subclass__
        import matplotlib.text as textfrom matplotlib.backend_bases import MouseButton
    
  File "<frozen importlib._bootstrap>", line 991, in _find_and_load
import matplotlib.text as text  File "/opt/conda/lib/python3.8/site-packages/matplotlib/backend_bases.py", line 46, in <module>

      File "/opt/conda/lib/python3.8/site-packages/matplotlib/text.py", line 1597, in <module>
import matplotlib.text as text
      File "/opt/conda/lib/python3.8/site-packages/matplotlib/text.py", line 106, in <module>
from matplotlib.backend_bases import MouseButton
  File "/opt/conda/lib/python3.8/site-packages/matplotlib/backend_bases.py", line 46, in <module>
    from matplotlib.backend_bases import MouseButton    
import matplotlib.text as text  File "/opt/conda/lib/python3.8/site-packages/matplotlib/backend_bases.py", line 46, in <module>

  File "/opt/conda/lib/python3.8/site-packages/matplotlib/text.py", line 106, in <module>
  File "<frozen importlib._bootstrap>", line 975, in _find_and_load_unlocked
  File "<frozen importlib._bootstrap>", line 671, in _load_unlocked
  File "<frozen importlib._bootstrap_external>", line 839, in exec_module
  File "<frozen importlib._bootstrap_external>", line 971, in get_code
  File "<frozen importlib._bootstrap_external>", line 640, in _compile_bytecode
KeyboardInterrupt
    cls._update_set_signature_and_docstring()
  File "/opt/conda/lib/python3.8/site-packages/matplotlib/artist.py", line 147, in _update_set_signature_and_docstring
    + kwdoc(cls))
  File "/opt/conda/lib/python3.8/site-packages/matplotlib/artist.py", line 1749, in kwdoc
        class Text(Artist):class Text(Artist):

  File "/opt/conda/lib/python3.8/site-packages/matplotlib/artist.py", line 119, in __init_subclass__
  File "/opt/conda/lib/python3.8/site-packages/matplotlib/docstring.py", line 86, in __call__
    cls._update_set_signature_and_docstring()
  File "/opt/conda/lib/python3.8/site-packages/matplotlib/artist.py", line 147, in _update_set_signature_and_docstring
    + kwdoc(cls))
  File "/opt/conda/lib/python3.8/site-packages/matplotlib/artist.py", line 1749, in kwdoc
    'Properties:\n' + '\n'.join(ai.pprint_setters(leadingspace=4)))
  File "/opt/conda/lib/python3.8/site-packages/matplotlib/artist.py", line 1509, in pprint_setters
    self(obj.__init__)
  File "/opt/conda/lib/python3.8/site-packages/matplotlib/docstring.py", line 84, in __call__
    class Annotation(Text, _AnnotationBase):
  File "/opt/conda/lib/python3.8/site-packages/matplotlib/artist.py", line 119, in __init_subclass__
    super().__call__(obj)
  File "/opt/conda/lib/python3.8/site-packages/matplotlib/docstring.py", line 38, in __call__
        'Properties:\n' + '\n'.join(ai.pprint_setters(leadingspace=4)))cls._update_set_signature_and_docstring()

  File "/opt/conda/lib/python3.8/site-packages/matplotlib/artist.py", line 1510, in pprint_setters
  File "/opt/conda/lib/python3.8/site-packages/matplotlib/artist.py", line 147, in _update_set_signature_and_docstring
    func.__doc__ = inspect.cleandoc(func.__doc__) % self.params    
for prop in sorted(self.get_setters()):
  File "/opt/conda/lib/python3.8/site-packages/matplotlib/docstring.py", line 65, in __missing__
      File "/opt/conda/lib/python3.8/site-packages/matplotlib/artist.py", line 1433, in get_setters
+ kwdoc(cls))
  File "/opt/conda/lib/python3.8/site-packages/matplotlib/artist.py", line 1749, in kwdoc
    return self.setdefault(key, kwdoc(cls))
  File "/opt/conda/lib/python3.8/site-packages/matplotlib/artist.py", line 1746, in kwdoc
    accepts = self.get_valid_values(prop)
  File "/opt/conda/lib/python3.8/site-packages/matplotlib/artist.py", line 1405, in get_valid_values
    func = getattr(self.o, name)
KeyboardInterrupt
    'Properties:\n' + '\n'.join(ai.pprint_setters(leadingspace=4)))
  File "/opt/conda/lib/python3.8/site-packages/matplotlib/artist.py", line 1509, in pprint_setters
    match = re.search(r"(?m)^ *\*?{} : (.+)".format(param_name), docstring)
  File "/opt/conda/lib/python3.8/re.py", line 201, in search
    ai = ArtistInspector(artist)
  File "/opt/conda/lib/python3.8/site-packages/matplotlib/artist.py", line 1345, in __init__
    for prop in sorted(self.get_setters()):
  File "/opt/conda/lib/python3.8/site-packages/matplotlib/artist.py", line 1435, in get_setters
    self.aliasd = self.get_aliases()
  File "/opt/conda/lib/python3.8/site-packages/matplotlib/artist.py", line 1364, in get_aliases
        if not self.is_alias(func):or len(inspect.signature(func).parameters) < 2

  File "/opt/conda/lib/python3.8/site-packages/matplotlib/artist.py", line 1443, in is_alias
  File "/opt/conda/lib/python3.8/inspect.py", line 3105, in signature
    ds = inspect.getdoc(o)
  File "/opt/conda/lib/python3.8/inspect.py", line 623, in getdoc
            from matplotlib import (from matplotlib import (from matplotlib import (


  File "/opt/conda/lib/python3.8/site-packages/matplotlib/widgets.py", line 22, in <module>
  File "/opt/conda/lib/python3.8/site-packages/matplotlib/widgets.py", line 22, in <module>
  File "/opt/conda/lib/python3.8/site-packages/matplotlib/widgets.py", line 22, in <module>
        from .patches import Circle, Rectangle, Ellipse    from .patches import Circle, Rectangle, Ellipse
from .patches import Circle, Rectangle, Ellipse

  File "/opt/conda/lib/python3.8/site-packages/matplotlib/patches.py", line 1614, in <module>
  File "/opt/conda/lib/python3.8/site-packages/matplotlib/patches.py", line 4499, in <module>
  File "/opt/conda/lib/python3.8/site-packages/matplotlib/patches.py", line 4143, in <module>
    return _compile(pattern, flags).search(string)
  File "/opt/conda/lib/python3.8/re.py", line 304, in _compile
    p = sre_compile.compile(pattern, flags)
  File "/opt/conda/lib/python3.8/sre_compile.py", line 764, in compile
    p = sre_parse.parse(p, flags)
  File "/opt/conda/lib/python3.8/sre_parse.py", line 948, in parse
    class Annulus(Patch):
  File "/opt/conda/lib/python3.8/site-packages/matplotlib/artist.py", line 119, in __init_subclass__
    cls._update_set_signature_and_docstring()
  File "/opt/conda/lib/python3.8/site-packages/matplotlib/artist.py", line 147, in _update_set_signature_and_docstring
    p = _parse_sub(source, state, flags & SRE_FLAG_VERBOSE, 0)
  File "/opt/conda/lib/python3.8/sre_parse.py", line 443, in _parse_sub
    + kwdoc(cls))
  File "/opt/conda/lib/python3.8/site-packages/matplotlib/artist.py", line 1749, in kwdoc
    class ConnectionPatch(FancyArrowPatch):
  File "/opt/conda/lib/python3.8/site-packages/matplotlib/artist.py", line 119, in __init_subclass__
    itemsappend(_parse(source, state, verbose, nested + 1,
  File "/opt/conda/lib/python3.8/sre_parse.py", line 839, in _parse
        class FancyArrowPatch(Patch):cls._update_set_signature_and_docstring()

RuntimeError  File "/opt/conda/lib/python3.8/site-packages/matplotlib/artist.py", line 140, in _update_set_signature_and_docstring
: Error calling __set_name__ on 'deprecate_privatize_attribute' instance 'get_path_in_displaycoord' in 'FancyArrowPatch'
    for prop in ArtistInspector(cls).get_setters()
  File "/opt/conda/lib/python3.8/site-packages/matplotlib/artist.py", line 1435, in get_setters
    state.closegroup(group, p)
  File "/opt/conda/lib/python3.8/sre_parse.py", line 97, in closegroup
    'Properties:\n' + '\n'.join(ai.pprint_setters(leadingspace=4)))
  File "/opt/conda/lib/python3.8/site-packages/matplotlib/artist.py", line 1510, in pprint_setters
    self.groupwidths[gid] = p.getwidth()
  File "/opt/conda/lib/python3.8/sre_parse.py", line 200, in getwidth
    or len(inspect.signature(func).parameters) < 2
  File "/opt/conda/lib/python3.8/inspect.py", line 3105, in signature
    hi = hi + j * av[1]
KeyboardInterrupt
    accepts = self.get_valid_values(prop)
  File "/opt/conda/lib/python3.8/site-packages/matplotlib/artist.py", line 1405, in get_valid_values
    return cleandoc(doc)
  File "/opt/conda/lib/python3.8/inspect.py", line 641, in cleandoc
    match = re.search(r"(?m)^ *\*?{} : (.+)".format(param_name), docstring)
  File "/opt/conda/lib/python3.8/re.py", line 201, in search
    margin = min(margin, indent)
KeyboardInterrupt
    return _compile(pattern, flags).search(string)
  File "/opt/conda/lib/python3.8/re.py", line 304, in _compile
    return Signature.from_callable(obj, follow_wrapped=follow_wrapped)
  File "/opt/conda/lib/python3.8/inspect.py", line 2854, in from_callable
    return Signature.from_callable(obj, follow_wrapped=follow_wrapped)
  File "/opt/conda/lib/python3.8/inspect.py", line 2854, in from_callable
    p = sre_compile.compile(pattern, flags)
  File "/opt/conda/lib/python3.8/sre_compile.py", line 764, in compile
    return _signature_from_callable(obj, sigcls=cls,
  File "/opt/conda/lib/python3.8/inspect.py", line 2246, in _signature_from_callable
    p = sre_parse.parse(p, flags)
  File "/opt/conda/lib/python3.8/sre_parse.py", line 948, in parse
    return _signature_from_callable(obj, sigcls=cls,
  File "/opt/conda/lib/python3.8/inspect.py", line 2246, in _signature_from_callable
    p = _parse_sub(source, state, flags & SRE_FLAG_VERBOSE, 0)
      File "/opt/conda/lib/python3.8/sre_parse.py", line 443, in _parse_sub
obj = unwrap(obj, stop=(lambda f: hasattr(f, "__signature__")))
  File "/opt/conda/lib/python3.8/inspect.py", line 520, in unwrap
    while _is_wrapper(func):
      File "/opt/conda/lib/python3.8/inspect.py", line 514, in _is_wrapper
itemsappend(_parse(source, state, verbose, nested + 1,
  File "/opt/conda/lib/python3.8/sre_parse.py", line 691, in _parse
    obj = unwrap(obj, stop=(lambda f: hasattr(f, "__signature__")))
  File "/opt/conda/lib/python3.8/inspect.py", line 518, in unwrap
    return hasattr(f, '__wrapped__') and not stop(f)
KeyboardInterrupt
    if sourcematch("?"):    
memo = {id(f): f}  File "/opt/conda/lib/python3.8/sre_parse.py", line 250, in match

KeyboardInterrupt
    if char == self.next:
KeyboardInterrupt
Traceback (most recent call last):
  File "/opt/conda/lib/python3.8/subprocess.py", line 1083, in wait
    return self._wait(timeout=timeout)
  File "/opt/conda/lib/python3.8/subprocess.py", line 1806, in _wait
    (pid, sts) = self._try_wait(0)
  File "/opt/conda/lib/python3.8/subprocess.py", line 1764, in _try_wait
    (pid, sts) = os.waitpid(self.pid, wait_flags)
KeyboardInterrupt

During handling of the above exception, another exception occurred:

Traceback (most recent call last):
  File "./tools/launch.py", line 192, in <module>
    main()
  File "./tools/launch.py", line 185, in main
    process.wait()
  File "/opt/conda/lib/python3.8/subprocess.py", line 1096, in wait
    self._wait(timeout=sigint_timeout)
  File "/opt/conda/lib/python3.8/subprocess.py", line 1800, in _wait
    time.sleep(delay)
KeyboardInterrupt
